Using pre-set license
Built from '2020.3/staging' branch; Version is '2020.3.6f1 (338bb68529b2) revision 3378102'; Using compiler version '192528614'; Build Type 'Release'
OS: 'Windows 10 Enterprise; OS build 19043.1110; Version 2009; 64bit' Language: 'en' Physical Memory: 16268 MB
BatchMode: 1, IsHumanControllingUs: 0, StartBugReporterOnCrash: 0, Is64bit: 1, IsPro: 0

 COMMAND LINE ARGUMENTS:
C:\Program Files\Unity\Editor\2020.3.6f1\Editor\Unity.exe
-adb2
-batchMode
-noUpm
-name
AssetImportWorker0
-projectPath
D:/Projects/Unity/UnityRTLEmojiFixer
-logFile
Logs/AssetImportWorker0.log
-srvPort
56949
Successfully changed project path to: D:/Projects/Unity/UnityRTLEmojiFixer
D:/Projects/Unity/UnityRTLEmojiFixer
Using Asset Import Pipeline V2.
Refreshing native plugins compatible for Editor in 35.90 ms, found 0 plugins.
Preloading 0 native plugins for Editor in 0.00 ms.
Initialize engine version: 2020.3.6f1 (338bb68529b2)
[Subsystems] Discovering subsystems at path C:/Program Files/Unity/Editor/2020.3.6f1/Editor/Data/Resources/UnitySubsystems
[Subsystems] Discovering subsystems at path D:/Projects/Unity/UnityRTLEmojiFixer/Assets
GfxDevice: creating device client; threaded=0
Direct3D:
    Version:  Direct3D 11.0 [level 11.1]
    Renderer: NVIDIA GeForce GTX 1050 (ID=0x1c8d)
    Vendor:   
    VRAM:     4021 MB
    Driver:   27.21.14.6089
Initialize mono
Mono path[0] = 'C:/Program Files/Unity/Editor/2020.3.6f1/Editor/Data/Managed'
Mono path[1] = 'C:/Program Files/Unity/Editor/2020.3.6f1/Editor/Data/MonoBleedingEdge/lib/mono/unityjit'
Mono config path = 'C:/Program Files/Unity/Editor/2020.3.6f1/Editor/Data/MonoBleedingEdge/etc'
Using monoOptions --debugger-agent=transport=dt_socket,embedding=1,server=y,suspend=n,address=127.0.0.1:56792
Begin MonoManager ReloadAssembly
Registering precompiled unity dll's ...
Register platform support module: C:/Program Files/Unity/Editor/2020.3.6f1/Editor/Data/PlaybackEngines/WebGLSupport/UnityEditor.WebGL.Extensions.dll
Register platform support module: C:/Program Files/Unity/Editor/2020.3.6f1/Editor/Data/PlaybackEngines/MacStandaloneSupport/UnityEditor.OSXStandalone.Extensions.dll
Register platform support module: C:/Program Files/Unity/Editor/2020.3.6f1/Editor/Data/PlaybackEngines/WindowsStandaloneSupport/UnityEditor.WindowsStandalone.Extensions.dll
Register platform support module: C:/Program Files/Unity/Editor/2020.3.6f1/Editor/Data/PlaybackEngines/LinuxStandaloneSupport/UnityEditor.LinuxStandalone.Extensions.dll
Registered in 0.005020 seconds.
Native extension for LinuxStandalone target not found
Native extension for WindowsStandalone target not found
Native extension for OSXStandalone target not found
Native extension for WebGL target not found
Refreshing native plugins compatible for Editor in 41.13 ms, found 0 plugins.
Preloading 0 native plugins for Editor in 0.00 ms.
Mono: successfully reloaded assembly
- Completed reload, in  1.861 seconds
Platform modules already initialized, skipping
Registering precompiled user dll's ...
Registered in 0.001259 seconds.
Begin MonoManager ReloadAssembly
Native extension for LinuxStandalone target not found
Native extension for WindowsStandalone target not found
Native extension for OSXStandalone target not found
Native extension for WebGL target not found
Refreshing native plugins compatible for Editor in 0.35 ms, found 0 plugins.
Preloading 0 native plugins for Editor in 0.00 ms.
Mono: successfully reloaded assembly
- Completed reload, in  1.220 seconds
Platform modules already initialized, skipping
========================================================================
Worker process is ready to serve import requests
Launched and connected shader compiler UnityShaderCompiler.exe after 0.07 seconds
Refreshing native plugins compatible for Editor in 0.25 ms, found 0 plugins.
Preloading 0 native plugins for Editor in 0.00 ms.
Unloading 1244 Unused Serialized files (Serialized files now loaded: 0)
System memory in use before: 63.7 MB.
System memory in use after: 63.8 MB.

Unloading 11 unused Assets to reduce memory usage. Loaded Objects now: 1685.
Total: 2.334800 ms (FindLiveObjects: 0.168200 ms CreateObjectMapping: 0.045800 ms MarkObjects: 2.035400 ms  DeleteObjects: 0.083600 ms)

========================================================================
Received Import Request.
  path: Assets/RTLTMPro/Scripts
  artifactKey: Guid(f3d58fb5f5194e94b86386b3486a9e68) Importer(815301076,1909f56bfc062723c751e8b465ee728b)
Start importing Assets/RTLTMPro/Scripts using Guid(f3d58fb5f5194e94b86386b3486a9e68) Importer(815301076,1909f56bfc062723c751e8b465ee728b)  -> (artifact id: '07fab74e897b411cdfd75c5e0b970dac') in 0.012743 seconds
  Import took 0.016162 seconds .

========================================================================
Received Import Request.
  Time since last request: 0.000419 seconds.
  path: Assets/RTLTMPro/Scenes
  artifactKey: Guid(812a2f0160e2d9d4293f30827c20afa3) Importer(815301076,1909f56bfc062723c751e8b465ee728b)
Start importing Assets/RTLTMPro/Scenes using Guid(812a2f0160e2d9d4293f30827c20afa3) Importer(815301076,1909f56bfc062723c751e8b465ee728b)  -> (artifact id: '7b8d729a6756b6d80a7be03c7ff58bb5') in 0.007274 seconds
  Import took 0.081438 seconds .

========================================================================
Received Prepare
Registering precompiled user dll's ...
Registered in 0.001078 seconds.
Begin MonoManager ReloadAssembly
Native extension for LinuxStandalone target not found
Native extension for WindowsStandalone target not found
Native extension for OSXStandalone target not found
Native extension for WebGL target not found
Refreshing native plugins compatible for Editor in 0.28 ms, found 0 plugins.
Preloading 0 native plugins for Editor in 0.00 ms.
Mono: successfully reloaded assembly
- Completed reload, in  1.251 seconds
Platform modules already initialized, skipping
Switching build target platform(5) subTarget(0) extendedPlatform(0) -> platform(13) subTarget(537395200) extendedPlatform(0)
Refreshing native plugins compatible for Editor in 0.27 ms, found 0 plugins.
Preloading 0 native plugins for Editor in 0.00 ms.
Unloading 1221 Unused Serialized files (Serialized files now loaded: 0)
System memory in use before: 61.6 MB.
System memory in use after: 61.7 MB.

Unloading 6 unused Assets to reduce memory usage. Loaded Objects now: 1688.
Total: 2.308600 ms (FindLiveObjects: 0.456000 ms CreateObjectMapping: 0.096400 ms MarkObjects: 1.730600 ms  DeleteObjects: 0.022900 ms)

AssetImportParameters requested are different than current active one (requested -> active):
  custom:graphics/normal-map-encoding: 01000000000000000000000000000000 -> 02000000000000000000000000000000
========================================================================
Received Import Request.
  Time since last request: 287.137931 seconds.
  path: Assets/TextMesh Pro/Resources/Sprite Assets/EmojiOne.asset
  artifactKey: Guid(c41005c129ba4d66911b75229fd70b45) Importer(815301076,1909f56bfc062723c751e8b465ee728b)
Start importing Assets/TextMesh Pro/Resources/Sprite Assets/EmojiOne.asset using Guid(c41005c129ba4d66911b75229fd70b45) Importer(815301076,1909f56bfc062723c751e8b465ee728b)  -> (artifact id: '1d4894b9c00f552627384f40957cd758') in 0.066718 seconds
  Import took 0.070069 seconds .

========================================================================
Received Prepare
Registering precompiled user dll's ...
Registered in 0.001564 seconds.
Begin MonoManager ReloadAssembly
Native extension for LinuxStandalone target not found
Native extension for WindowsStandalone target not found
Native extension for OSXStandalone target not found
Native extension for WebGL target not found
Refreshing native plugins compatible for Editor in 0.26 ms, found 0 plugins.
Preloading 0 native plugins for Editor in 0.00 ms.
Mono: successfully reloaded assembly
- Completed reload, in  0.907 seconds
Platform modules already initialized, skipping
Switching build target platform(5) subTarget(0) extendedPlatform(0) -> platform(13) subTarget(537395200) extendedPlatform(0)
Refreshing native plugins compatible for Editor in 0.25 ms, found 0 plugins.
Preloading 0 native plugins for Editor in 0.00 ms.
Unloading 1221 Unused Serialized files (Serialized files now loaded: 0)
System memory in use before: 61.6 MB.
System memory in use after: 61.7 MB.

Unloading 6 unused Assets to reduce memory usage. Loaded Objects now: 1691.
Total: 1.655700 ms (FindLiveObjects: 0.190100 ms CreateObjectMapping: 0.036900 ms MarkObjects: 1.413700 ms  DeleteObjects: 0.014000 ms)

AssetImportParameters requested are different than current active one (requested -> active):
  custom:graphics/normal-map-encoding: 01000000000000000000000000000000 -> 02000000000000000000000000000000
========================================================================
Received Prepare
Registering precompiled user dll's ...
Registered in 0.001039 seconds.
Begin MonoManager ReloadAssembly
Native extension for LinuxStandalone target not found
Native extension for WindowsStandalone target not found
Native extension for OSXStandalone target not found
Native extension for WebGL target not found
Refreshing native plugins compatible for Editor in 0.35 ms, found 0 plugins.
Preloading 0 native plugins for Editor in 0.00 ms.
Mono: successfully reloaded assembly
- Completed reload, in  1.186 seconds
Platform modules already initialized, skipping
Switching build target platform(5) subTarget(0) extendedPlatform(0) -> platform(13) subTarget(537395200) extendedPlatform(0)
Refreshing native plugins compatible for Editor in 0.28 ms, found 0 plugins.
Preloading 0 native plugins for Editor in 0.00 ms.
Unloading 1221 Unused Serialized files (Serialized files now loaded: 0)
System memory in use before: 61.6 MB.
System memory in use after: 61.7 MB.

Unloading 6 unused Assets to reduce memory usage. Loaded Objects now: 1694.
Total: 2.202800 ms (FindLiveObjects: 0.191500 ms CreateObjectMapping: 0.048800 ms MarkObjects: 1.945800 ms  DeleteObjects: 0.015100 ms)

AssetImportParameters requested are different than current active one (requested -> active):
  custom:graphics/normal-map-encoding: 01000000000000000000000000000000 -> 02000000000000000000000000000000
========================================================================
Received Prepare
Registering precompiled user dll's ...
Registered in 0.001049 seconds.
Begin MonoManager ReloadAssembly
Native extension for LinuxStandalone target not found
Native extension for WindowsStandalone target not found
Native extension for OSXStandalone target not found
Native extension for WebGL target not found
Refreshing native plugins compatible for Editor in 0.37 ms, found 0 plugins.
Preloading 0 native plugins for Editor in 0.00 ms.
Mono: successfully reloaded assembly
- Completed reload, in  0.980 seconds
Platform modules already initialized, skipping
Switching build target platform(5) subTarget(0) extendedPlatform(0) -> platform(13) subTarget(537395200) extendedPlatform(0)
Refreshing native plugins compatible for Editor in 0.40 ms, found 0 plugins.
Preloading 0 native plugins for Editor in 0.00 ms.
Unloading 1221 Unused Serialized files (Serialized files now loaded: 0)
System memory in use before: 61.6 MB.
System memory in use after: 61.7 MB.

Unloading 6 unused Assets to reduce memory usage. Loaded Objects now: 1697.
Total: 1.706000 ms (FindLiveObjects: 0.157100 ms CreateObjectMapping: 0.039200 ms MarkObjects: 1.494000 ms  DeleteObjects: 0.014500 ms)

AssetImportParameters requested are different than current active one (requested -> active):
  custom:graphics/normal-map-encoding: 01000000000000000000000000000000 -> 02000000000000000000000000000000
========================================================================
Received Import Request.
  Time since last request: 1709.044131 seconds.
  path: Assets/RTLEmoji/Scripts/Editor
  artifactKey: Guid(6ec9800b8a1196940abc0fa7f20cc845) Importer(815301076,1909f56bfc062723c751e8b465ee728b)
Start importing Assets/RTLEmoji/Scripts/Editor using Guid(6ec9800b8a1196940abc0fa7f20cc845) Importer(815301076,1909f56bfc062723c751e8b465ee728b)  -> (artifact id: '88b4dc31c52ac310c2e465421f104eb3') in 0.011454 seconds
  Import took 0.013978 seconds .

========================================================================
Received Import Request.
  Time since last request: 0.821768 seconds.
  path: Assets/RTLEmoji/Scripts/Editor/EmojiMaker.cs
  artifactKey: Guid(77c5f4820778d34498adae74bbe2364c) Importer(815301076,1909f56bfc062723c751e8b465ee728b)
Start importing Assets/RTLEmoji/Scripts/Editor/EmojiMaker.cs using Guid(77c5f4820778d34498adae74bbe2364c) Importer(815301076,1909f56bfc062723c751e8b465ee728b)  -> (artifact id: '597d35471d19f92d17cb04ade99f1a9d') in 0.010368 seconds
  Import took 0.013339 seconds .

========================================================================
Received Import Request.
  Time since last request: 0.002294 seconds.
  path: Assets/RTLEmoji/Scripts/Editor/EmojiMaker.cs
  artifactKey: Guid(77c5f4820778d34498adae74bbe2364c) Importer(815301076,1909f56bfc062723c751e8b465ee728b)
Start importing Assets/RTLEmoji/Scripts/Editor/EmojiMaker.cs using Guid(77c5f4820778d34498adae74bbe2364c) Importer(815301076,1909f56bfc062723c751e8b465ee728b)  -> (artifact id: '597d35471d19f92d17cb04ade99f1a9d') in 0.002433 seconds
  Import took 0.004620 seconds .

========================================================================
Received Import Request.
  Time since last request: 0.583425 seconds.
  path: Assets/RTLEmoji/Scripts/Editor/EmojiMakerInspector.cs
  artifactKey: Guid(b34ff846721345b3a70eaf5e5d0ed8d0) Importer(815301076,1909f56bfc062723c751e8b465ee728b)
Start importing Assets/RTLEmoji/Scripts/Editor/EmojiMakerInspector.cs using Guid(b34ff846721345b3a70eaf5e5d0ed8d0) Importer(815301076,1909f56bfc062723c751e8b465ee728b)  -> (artifact id: '55fd8436828da632415f03e3080296df') in 0.008833 seconds
  Import took 0.011455 seconds .

========================================================================
Received Import Request.
  Time since last request: 0.000779 seconds.
  path: Assets/RTLEmoji/Scripts/Editor/EmojiMakerInspector.cs
  artifactKey: Guid(b34ff846721345b3a70eaf5e5d0ed8d0) Importer(815301076,1909f56bfc062723c751e8b465ee728b)
Start importing Assets/RTLEmoji/Scripts/Editor/EmojiMakerInspector.cs using Guid(b34ff846721345b3a70eaf5e5d0ed8d0) Importer(815301076,1909f56bfc062723c751e8b465ee728b)  -> (artifact id: '55fd8436828da632415f03e3080296df') in 0.002684 seconds
  Import took 0.005366 seconds .

========================================================================
Received Import Request.
  Time since last request: 527.235497 seconds.
  path: Assets/RTLEmoji/Scripts/Editor/EmojiMaker.cs
  artifactKey: Guid(77c5f4820778d34498adae74bbe2364c) Importer(815301076,1909f56bfc062723c751e8b465ee728b)
Start importing Assets/RTLEmoji/Scripts/Editor/EmojiMaker.cs using Guid(77c5f4820778d34498adae74bbe2364c) Importer(815301076,1909f56bfc062723c751e8b465ee728b)  -> (artifact id: 'f80888945956b7c57f6e5fb149b4ee68') in 0.002674 seconds
  Import took 0.007349 seconds .

========================================================================
Received Import Request.
  Time since last request: 29.813120 seconds.
  path: Assets/RTLEmoji/Scripts/Editor/EmojiMaker.cs
  artifactKey: Guid(77c5f4820778d34498adae74bbe2364c) Importer(815301076,1909f56bfc062723c751e8b465ee728b)
Start importing Assets/RTLEmoji/Scripts/Editor/EmojiMaker.cs using Guid(77c5f4820778d34498adae74bbe2364c) Importer(815301076,1909f56bfc062723c751e8b465ee728b)  -> (artifact id: 'a7555e6874c57c6cb08cc0907891fb9e') in 0.002282 seconds
  Import took 0.005300 seconds .

========================================================================
Received Prepare
Registering precompiled user dll's ...
Registered in 0.000965 seconds.
Begin MonoManager ReloadAssembly
Native extension for LinuxStandalone target not found
Native extension for WindowsStandalone target not found
Native extension for OSXStandalone target not found
Native extension for WebGL target not found
Refreshing native plugins compatible for Editor in 0.25 ms, found 0 plugins.
Preloading 0 native plugins for Editor in 0.00 ms.
Mono: successfully reloaded assembly
- Completed reload, in  1.016 seconds
Platform modules already initialized, skipping
Switching build target platform(5) subTarget(0) extendedPlatform(0) -> platform(13) subTarget(537395200) extendedPlatform(0)
Refreshing native plugins compatible for Editor in 0.26 ms, found 0 plugins.
Preloading 0 native plugins for Editor in 0.00 ms.
Unloading 1222 Unused Serialized files (Serialized files now loaded: 0)
System memory in use before: 61.7 MB.
System memory in use after: 61.8 MB.

Unloading 6 unused Assets to reduce memory usage. Loaded Objects now: 1701.
Total: 2.614900 ms (FindLiveObjects: 0.373000 ms CreateObjectMapping: 0.107500 ms MarkObjects: 2.098400 ms  DeleteObjects: 0.017100 ms)

AssetImportParameters requested are different than current active one (requested -> active):
  custom:graphics/normal-map-encoding: 01000000000000000000000000000000 -> 02000000000000000000000000000000
========================================================================
Received Prepare
Registering precompiled user dll's ...
Registered in 0.000990 seconds.
Begin MonoManager ReloadAssembly
Native extension for LinuxStandalone target not found
Native extension for WindowsStandalone target not found
Native extension for OSXStandalone target not found
Native extension for WebGL target not found
Refreshing native plugins compatible for Editor in 0.34 ms, found 0 plugins.
Preloading 0 native plugins for Editor in 0.00 ms.
Mono: successfully reloaded assembly
- Completed reload, in  0.983 seconds
Platform modules already initialized, skipping
Switching build target platform(5) subTarget(0) extendedPlatform(0) -> platform(13) subTarget(537395200) extendedPlatform(0)
Refreshing native plugins compatible for Editor in 0.28 ms, found 0 plugins.
Preloading 0 native plugins for Editor in 0.00 ms.
Unloading 1222 Unused Serialized files (Serialized files now loaded: 0)
System memory in use before: 61.7 MB.
System memory in use after: 61.8 MB.

Unloading 6 unused Assets to reduce memory usage. Loaded Objects now: 1704.
Total: 1.813500 ms (FindLiveObjects: 0.199200 ms CreateObjectMapping: 0.054600 ms MarkObjects: 1.522400 ms  DeleteObjects: 0.036100 ms)

AssetImportParameters requested are different than current active one (requested -> active):
  custom:graphics/normal-map-encoding: 01000000000000000000000000000000 -> 02000000000000000000000000000000
========================================================================
Received Prepare
Registering precompiled user dll's ...
Registered in 0.001042 seconds.
Begin MonoManager ReloadAssembly
Native extension for LinuxStandalone target not found
Native extension for WindowsStandalone target not found
Native extension for OSXStandalone target not found
Native extension for WebGL target not found
Refreshing native plugins compatible for Editor in 0.30 ms, found 0 plugins.
Preloading 0 native plugins for Editor in 0.00 ms.
Mono: successfully reloaded assembly
- Completed reload, in  1.250 seconds
Platform modules already initialized, skipping
Switching build target platform(5) subTarget(0) extendedPlatform(0) -> platform(13) subTarget(537395200) extendedPlatform(0)
Refreshing native plugins compatible for Editor in 0.33 ms, found 0 plugins.
Preloading 0 native plugins for Editor in 0.00 ms.
Unloading 1222 Unused Serialized files (Serialized files now loaded: 0)
System memory in use before: 61.7 MB.
System memory in use after: 61.8 MB.

Unloading 6 unused Assets to reduce memory usage. Loaded Objects now: 1707.
Total: 3.172500 ms (FindLiveObjects: 0.167100 ms CreateObjectMapping: 0.051300 ms MarkObjects: 2.935800 ms  DeleteObjects: 0.016800 ms)

AssetImportParameters requested are different than current active one (requested -> active):
  custom:graphics/normal-map-encoding: 01000000000000000000000000000000 -> 02000000000000000000000000000000
========================================================================
Received Prepare
Registering precompiled user dll's ...
Registered in 0.000866 seconds.
Begin MonoManager ReloadAssembly
Native extension for LinuxStandalone target not found
Native extension for WindowsStandalone target not found
Native extension for OSXStandalone target not found
Native extension for WebGL target not found
Refreshing native plugins compatible for Editor in 0.48 ms, found 0 plugins.
Preloading 0 native plugins for Editor in 0.00 ms.
Mono: successfully reloaded assembly
- Completed reload, in  0.990 seconds
Platform modules already initialized, skipping
Switching build target platform(5) subTarget(0) extendedPlatform(0) -> platform(13) subTarget(537395200) extendedPlatform(0)
Refreshing native plugins compatible for Editor in 0.24 ms, found 0 plugins.
Preloading 0 native plugins for Editor in 0.00 ms.
Unloading 1222 Unused Serialized files (Serialized files now loaded: 0)
System memory in use before: 61.7 MB.
System memory in use after: 61.8 MB.

Unloading 6 unused Assets to reduce memory usage. Loaded Objects now: 1710.
Total: 1.843000 ms (FindLiveObjects: 0.215400 ms CreateObjectMapping: 0.039100 ms MarkObjects: 1.572800 ms  DeleteObjects: 0.014500 ms)

AssetImportParameters requested are different than current active one (requested -> active):
  custom:graphics/normal-map-encoding: 01000000000000000000000000000000 -> 02000000000000000000000000000000
========================================================================
Received Prepare
Registering precompiled user dll's ...
Registered in 0.000901 seconds.
Begin MonoManager ReloadAssembly
Native extension for LinuxStandalone target not found
Native extension for WindowsStandalone target not found
Native extension for OSXStandalone target not found
Native extension for WebGL target not found
Refreshing native plugins compatible for Editor in 0.44 ms, found 0 plugins.
Preloading 0 native plugins for Editor in 0.00 ms.
Mono: successfully reloaded assembly
- Completed reload, in  1.095 seconds
Platform modules already initialized, skipping
Switching build target platform(5) subTarget(0) extendedPlatform(0) -> platform(13) subTarget(537395200) extendedPlatform(0)
Refreshing native plugins compatible for Editor in 0.25 ms, found 0 plugins.
Preloading 0 native plugins for Editor in 0.00 ms.
Unloading 1222 Unused Serialized files (Serialized files now loaded: 0)
System memory in use before: 61.7 MB.
System memory in use after: 61.8 MB.

Unloading 6 unused Assets to reduce memory usage. Loaded Objects now: 1713.
Total: 2.729000 ms (FindLiveObjects: 0.182000 ms CreateObjectMapping: 0.046500 ms MarkObjects: 2.458300 ms  DeleteObjects: 0.040600 ms)

AssetImportParameters requested are different than current active one (requested -> active):
  custom:graphics/normal-map-encoding: 01000000000000000000000000000000 -> 02000000000000000000000000000000
========================================================================
Received Import Request.
  Time since last request: 1177.805341 seconds.
  path: Assets/RTLEmoji/Data/sheet_google_64.png
  artifactKey: Guid(e6967a952a4f28c44830f5048c6c6c47) Importer(815301076,1909f56bfc062723c751e8b465ee728b)
Start importing Assets/RTLEmoji/Data/sheet_google_64.png using Guid(e6967a952a4f28c44830f5048c6c6c47) Importer(815301076,1909f56bfc062723c751e8b465ee728b)  -> (artifact id: 'a1b3f0a6072bf4059341f28103c580d7') in 3.035418 seconds
  Import took 3.047914 seconds .

========================================================================
Received Prepare
Registering precompiled user dll's ...
Registered in 0.000919 seconds.
Begin MonoManager ReloadAssembly
Native extension for LinuxStandalone target not found
Native extension for WindowsStandalone target not found
Native extension for OSXStandalone target not found
Native extension for WebGL target not found
Refreshing native plugins compatible for Editor in 0.31 ms, found 0 plugins.
Preloading 0 native plugins for Editor in 0.00 ms.
Mono: successfully reloaded assembly
- Completed reload, in  1.023 seconds
Platform modules already initialized, skipping
Switching build target platform(5) subTarget(0) extendedPlatform(0) -> platform(13) subTarget(537395200) extendedPlatform(0)
Refreshing native plugins compatible for Editor in 0.24 ms, found 0 plugins.
Preloading 0 native plugins for Editor in 0.00 ms.
Unloading 1222 Unused Serialized files (Serialized files now loaded: 0)
System memory in use before: 65.6 MB.
System memory in use after: 65.7 MB.

Unloading 6 unused Assets to reduce memory usage. Loaded Objects now: 1723.
Total: 1.738000 ms (FindLiveObjects: 0.210300 ms CreateObjectMapping: 0.041700 ms MarkObjects: 1.471800 ms  DeleteObjects: 0.013300 ms)

AssetImportParameters requested are different than current active one (requested -> active):
  custom:graphics/normal-map-encoding: 01000000000000000000000000000000 -> 02000000000000000000000000000000
========================================================================
Received Prepare
Registering precompiled user dll's ...
Registered in 0.001119 seconds.
Begin MonoManager ReloadAssembly
Native extension for LinuxStandalone target not found
Native extension for WindowsStandalone target not found
Native extension for OSXStandalone target not found
Native extension for WebGL target not found
Refreshing native plugins compatible for Editor in 0.26 ms, found 0 plugins.
Preloading 0 native plugins for Editor in 0.00 ms.
Mono: successfully reloaded assembly
- Completed reload, in  1.039 seconds
Platform modules already initialized, skipping
Switching build target platform(5) subTarget(0) extendedPlatform(0) -> platform(13) subTarget(537395200) extendedPlatform(0)
Refreshing native plugins compatible for Editor in 0.25 ms, found 0 plugins.
Preloading 0 native plugins for Editor in 0.00 ms.
Unloading 1222 Unused Serialized files (Serialized files now loaded: 0)
System memory in use before: 65.6 MB.
System memory in use after: 65.7 MB.

Unloading 6 unused Assets to reduce memory usage. Loaded Objects now: 1726.
Total: 2.040300 ms (FindLiveObjects: 0.154500 ms CreateObjectMapping: 0.042300 ms MarkObjects: 1.828100 ms  DeleteObjects: 0.014300 ms)

AssetImportParameters requested are different than current active one (requested -> active):
  custom:graphics/normal-map-encoding: 01000000000000000000000000000000 -> 02000000000000000000000000000000
========================================================================
Received Prepare
Registering precompiled user dll's ...
Registered in 0.000938 seconds.
Begin MonoManager ReloadAssembly
Native extension for LinuxStandalone target not found
Native extension for WindowsStandalone target not found
Native extension for OSXStandalone target not found
Native extension for WebGL target not found
Refreshing native plugins compatible for Editor in 0.26 ms, found 0 plugins.
Preloading 0 native plugins for Editor in 0.00 ms.
Mono: successfully reloaded assembly
- Completed reload, in  1.112 seconds
Platform modules already initialized, skipping
Switching build target platform(5) subTarget(0) extendedPlatform(0) -> platform(13) subTarget(537395200) extendedPlatform(0)
Refreshing native plugins compatible for Editor in 0.26 ms, found 0 plugins.
Preloading 0 native plugins for Editor in 0.00 ms.
Unloading 1222 Unused Serialized files (Serialized files now loaded: 0)
System memory in use before: 65.6 MB.
System memory in use after: 65.7 MB.

Unloading 6 unused Assets to reduce memory usage. Loaded Objects now: 1729.
Total: 1.970700 ms (FindLiveObjects: 0.231800 ms CreateObjectMapping: 0.049200 ms MarkObjects: 1.671300 ms  DeleteObjects: 0.015700 ms)

AssetImportParameters requested are different than current active one (requested -> active):
  custom:graphics/normal-map-encoding: 01000000000000000000000000000000 -> 02000000000000000000000000000000
========================================================================
Received Import Request.
  Time since last request: 262.710829 seconds.
  path: Assets/RTLEmoji/Data/sheet_google_64.png
  artifactKey: Guid(e6967a952a4f28c44830f5048c6c6c47) Importer(815301076,1909f56bfc062723c751e8b465ee728b)
Start importing Assets/RTLEmoji/Data/sheet_google_64.png using Guid(e6967a952a4f28c44830f5048c6c6c47) Importer(815301076,1909f56bfc062723c751e8b465ee728b)  -> (artifact id: '0e7d74aeae6d8e18341432a7d4e3f645') in 0.173014 seconds
  Import took 0.179558 seconds .

========================================================================
Received Prepare
Registering precompiled user dll's ...
Registered in 0.000890 seconds.
Begin MonoManager ReloadAssembly
Native extension for LinuxStandalone target not found
Native extension for WindowsStandalone target not found
Native extension for OSXStandalone target not found
Native extension for WebGL target not found
Refreshing native plugins compatible for Editor in 0.25 ms, found 0 plugins.
Preloading 0 native plugins for Editor in 0.00 ms.
Mono: successfully reloaded assembly
- Completed reload, in  1.029 seconds
Platform modules already initialized, skipping
Switching build target platform(5) subTarget(0) extendedPlatform(0) -> platform(13) subTarget(537395200) extendedPlatform(0)
Refreshing native plugins compatible for Editor in 0.25 ms, found 0 plugins.
Preloading 0 native plugins for Editor in 0.00 ms.
Unloading 1222 Unused Serialized files (Serialized files now loaded: 0)
System memory in use before: 65.7 MB.
System memory in use after: 65.8 MB.

Unloading 6 unused Assets to reduce memory usage. Loaded Objects now: 1732.
Total: 1.886900 ms (FindLiveObjects: 0.150200 ms CreateObjectMapping: 0.039400 ms MarkObjects: 1.682400 ms  DeleteObjects: 0.013900 ms)

AssetImportParameters requested are different than current active one (requested -> active):
  custom:graphics/normal-map-encoding: 01000000000000000000000000000000 -> 02000000000000000000000000000000
========================================================================
Received Import Request.
  Time since last request: 113.708970 seconds.
  path: Assets/RTLEmoji/Data/sheet_google_64.png
  artifactKey: Guid(e6967a952a4f28c44830f5048c6c6c47) Importer(815301076,1909f56bfc062723c751e8b465ee728b)
Start importing Assets/RTLEmoji/Data/sheet_google_64.png using Guid(e6967a952a4f28c44830f5048c6c6c47) Importer(815301076,1909f56bfc062723c751e8b465ee728b)  -> (artifact id: '81184f99b0fd37ef9cd6fc58274c855d') in 2.907564 seconds
  Import took 2.919101 seconds .

========================================================================
Received Import Request.
  Time since last request: 76.827091 seconds.
  path: Assets/TextMesh Pro/Resources/Sprite Assets/sheet_google_64.asset
  artifactKey: Guid(ec8ea1d7fdcfe114883f704b1e8087da) Importer(815301076,1909f56bfc062723c751e8b465ee728b)
Start importing Assets/TextMesh Pro/Resources/Sprite Assets/sheet_google_64.asset using Guid(ec8ea1d7fdcfe114883f704b1e8087da) Importer(815301076,1909f56bfc062723c751e8b465ee728b)  -> (artifact id: '1cecfea6a2f9850eb03ecf0f52d5bd48') in 0.079372 seconds
  Import took 0.082116 seconds .

========================================================================
Received Prepare
Registering precompiled user dll's ...
Registered in 0.001186 seconds.
Begin MonoManager ReloadAssembly
Native extension for LinuxStandalone target not found
Native extension for WindowsStandalone target not found
Native extension for OSXStandalone target not found
Native extension for WebGL target not found
Refreshing native plugins compatible for Editor in 0.29 ms, found 0 plugins.
Preloading 0 native plugins for Editor in 0.00 ms.
Mono: successfully reloaded assembly
- Completed reload, in  0.970 seconds
Platform modules already initialized, skipping
Switching build target platform(5) subTarget(0) extendedPlatform(0) -> platform(13) subTarget(537395200) extendedPlatform(0)
Refreshing native plugins compatible for Editor in 0.29 ms, found 0 plugins.
Preloading 0 native plugins for Editor in 0.00 ms.
Unloading 1222 Unused Serialized files (Serialized files now loaded: 0)
System memory in use before: 66.6 MB.
System memory in use after: 66.7 MB.

Unloading 6 unused Assets to reduce memory usage. Loaded Objects now: 1736.
Total: 2.099700 ms (FindLiveObjects: 0.226800 ms CreateObjectMapping: 0.059100 ms MarkObjects: 1.764800 ms  DeleteObjects: 0.047500 ms)

AssetImportParameters requested are different than current active one (requested -> active):
  custom:graphics/normal-map-encoding: 01000000000000000000000000000000 -> 02000000000000000000000000000000
========================================================================
Received Import Request.
  Time since last request: 69.355716 seconds.
  path: Assets/TextMesh Pro/Resources/TMP Settings.asset
  artifactKey: Guid(3f5b5dff67a942289a9defa416b206f3) Importer(815301076,1909f56bfc062723c751e8b465ee728b)
Start importing Assets/TextMesh Pro/Resources/TMP Settings.asset using Guid(3f5b5dff67a942289a9defa416b206f3) Importer(815301076,1909f56bfc062723c751e8b465ee728b)  -> (artifact id: 'a8b814c94829de4b5cf318ad5e906d94') in 0.198181 seconds
  Import took 0.209499 seconds .

========================================================================
Received Prepare
Refreshing native plugins compatible for Editor in 1.00 ms, found 0 plugins.
Preloading 0 native plugins for Editor in 0.00 ms.
Unloading 4 Unused Serialized files (Serialized files now loaded: 0)
System memory in use before: 43.4 MB.
System memory in use after: 43.5 MB.

Unloading 4 unused Assets to reduce memory usage. Loaded Objects now: 1736.
Total: 2.280900 ms (FindLiveObjects: 0.244900 ms CreateObjectMapping: 0.085800 ms MarkObjects: 1.922200 ms  DeleteObjects: 0.013100 ms)

========================================================================
Received Import Request.
  Time since last request: 1700.438515 seconds.
  path: Assets/TextMesh Pro/Resources/Sprite Assets/sheet_google_64.asset
  artifactKey: Guid(9485c72ba73128444a423af8f58e1db8) Importer(815301076,1909f56bfc062723c751e8b465ee728b)
Start importing Assets/TextMesh Pro/Resources/Sprite Assets/sheet_google_64.asset using Guid(9485c72ba73128444a423af8f58e1db8) Importer(815301076,1909f56bfc062723c751e8b465ee728b)  -> (artifact id: '565694ca72197626ee4c4da7ac8698c6') in 0.810406 seconds
  Import took 0.870801 seconds .

========================================================================
Received Import Request.
  Time since last request: 31.728401 seconds.
  path: Assets/RTLEmoji/Data/emoji.json
  artifactKey: Guid(747096d2c6a48b640a1e8f152969be06) Importer(815301076,1909f56bfc062723c751e8b465ee728b)
Start importing Assets/RTLEmoji/Data/emoji.json using Guid(747096d2c6a48b640a1e8f152969be06) Importer(815301076,1909f56bfc062723c751e8b465ee728b)  -> (artifact id: '335f01375140728bc3b5939214e5a1c8') in 0.034081 seconds
  Import took 0.053285 seconds .

========================================================================
Received Prepare
Registering precompiled user dll's ...
Registered in 0.001298 seconds.
Begin MonoManager ReloadAssembly
Native extension for LinuxStandalone target not found
Native extension for WindowsStandalone target not found
Native extension for OSXStandalone target not found
Native extension for WebGL target not found
Refreshing native plugins compatible for Editor in 0.29 ms, found 0 plugins.
Preloading 0 native plugins for Editor in 0.00 ms.
Mono: successfully reloaded assembly
- Completed reload, in  1.267 seconds
Platform modules already initialized, skipping
Switching build target platform(5) subTarget(0) extendedPlatform(0) -> platform(13) subTarget(537395200) extendedPlatform(0)
Refreshing native plugins compatible for Editor in 0.43 ms, found 0 plugins.
Preloading 0 native plugins for Editor in 0.00 ms.
Unloading 1222 Unused Serialized files (Serialized files now loaded: 0)
System memory in use before: 66.6 MB.
System memory in use after: 66.7 MB.

Unloading 6 unused Assets to reduce memory usage. Loaded Objects now: 1739.
Total: 2.133800 ms (FindLiveObjects: 0.189200 ms CreateObjectMapping: 0.065900 ms MarkObjects: 1.849100 ms  DeleteObjects: 0.027700 ms)

AssetImportParameters requested are different than current active one (requested -> active):
  custom:graphics/normal-map-encoding: 01000000000000000000000000000000 -> 02000000000000000000000000000000
========================================================================
Received Prepare
Registering precompiled user dll's ...
Registered in 0.001419 seconds.
Begin MonoManager ReloadAssembly
Native extension for LinuxStandalone target not found
Native extension for WindowsStandalone target not found
Native extension for OSXStandalone target not found
Native extension for WebGL target not found
Refreshing native plugins compatible for Editor in 0.30 ms, found 0 plugins.
Preloading 0 native plugins for Editor in 0.00 ms.
Mono: successfully reloaded assembly
- Completed reload, in  1.457 seconds
Platform modules already initialized, skipping
Switching build target platform(5) subTarget(0) extendedPlatform(0) -> platform(13) subTarget(537395200) extendedPlatform(0)
Refreshing native plugins compatible for Editor in 0.26 ms, found 0 plugins.
Preloading 0 native plugins for Editor in 0.00 ms.
Unloading 1222 Unused Serialized files (Serialized files now loaded: 0)
System memory in use before: 66.6 MB.
System memory in use after: 66.7 MB.

Unloading 6 unused Assets to reduce memory usage. Loaded Objects now: 1742.
Total: 2.100600 ms (FindLiveObjects: 0.201600 ms CreateObjectMapping: 0.045100 ms MarkObjects: 1.808700 ms  DeleteObjects: 0.043100 ms)

AssetImportParameters requested are different than current active one (requested -> active):
  custom:graphics/normal-map-encoding: 01000000000000000000000000000000 -> 02000000000000000000000000000000
